<?xml version="1.0" encoding="UTF-8"?>
<testng-results ignored="0" total="1" passed="1" failed="0" skipped="0">
  <reporter-output>
  </reporter-output>
  <suite started-at="2020-07-17T01:38:19 GMT-08:00" name="Suite" finished-at="2020-07-17T01:39:05 GMT-08:00" duration-ms="46268">
    <groups>
    </groups>
    <test started-at="2020-07-17T01:38:19 GMT-08:00" name="Test" finished-at="2020-07-17T01:39:05 GMT-08:00" duration-ms="46268">
      <class name="com.ibm.banking.basics.FbLogin">
        <test-method is-config="true" signature="ChromesetUp()[pri:0, instance:com.ibm.banking.basics.FbLogin@2beee7ff]" started-at="2020-07-17T01:38:19 GMT-08:00" name="ChromesetUp" finished-at="2020-07-17T01:39:02 GMT-08:00" duration-ms="43181" status="PASS">
          <reporter-output>
          </reporter-output>
        </test-method> <!-- ChromesetUp -->
        <test-method signature="verifyUrl()[pri:0, instance:com.ibm.banking.basics.FbLogin@2beee7ff]" started-at="2020-07-17T01:39:02 GMT-08:00" name="verifyUrl" finished-at="2020-07-17T01:39:03 GMT-08:00" duration-ms="309" status="PASS">
          <reporter-output>
          </reporter-output>
        </test-method> <!-- verifyUrl -->
        <test-method is-config="true" signature="tearDown()[pri:0, instance:com.ibm.banking.basics.FbLogin@2beee7ff]" started-at="2020-07-17T01:39:03 GMT-08:00" name="tearDown" finished-at="2020-07-17T01:39:05 GMT-08:00" duration-ms="2666" status="PASS">
          <reporter-output>
          </reporter-output>
        </test-method> <!-- tearDown -->
      </class> <!-- com.ibm.banking.basics.FbLogin -->
    </test> <!-- Test -->
  </suite> <!-- Suite -->
</testng-results>
