<?xml version="1.0" encoding="UTF-8"?>
<testsuite xmlns:xsi="http://www.w3.org/2001/XMLSchema-instance" xsi:noNamespaceSchemaLocation="https://maven.apache.org/surefire/maven-surefire-plugin/xsd/surefire-test-report-3.0.xsd" version="3.0" name="TestSuite" time="49.282" tests="1" errors="0" skipped="0" failures="0">
  <properties>
[...]
</properties>
  <testcase name="verifyUrl" classname="com.ibm.banking.basics.FbLogin" time="0.219">
    <system-out><![CDATA[01:38:22.136 [main] DEBUG io.github.bonigarcia.wdm.Shell - There was a problem executing command <wmic datafile where name='C:\\Program Files (x86)\\Google\\Chrome\\Application\\chrome.exe' get Version /value> on the shell: Cannot run program "wmic" (in directory "C:\Windows\System32"): CreateProcess error=2, The system cannot find the file specified
01:38:22.155 [main] DEBUG io.github.bonigarcia.wdm.WebDriverManager - The proper chromedriver version for your Google Chrome is unknown ... trying with the latest
01:38:22.176 [main] INFO io.github.bonigarcia.wdm.WebDriverManager - Reading https://chromedriver.storage.googleapis.com/ to seek chromedriver
01:38:25.772 [main] INFO io.github.bonigarcia.wdm.WebDriverManager - Latest version of chromedriver is 84.0.4147.30
01:38:25.877 [main] INFO io.github.bonigarcia.wdm.Downloader - Using binary driver previously downloaded
01:38:25.879 [main] INFO io.github.bonigarcia.wdm.WebDriverManager - Exporting webdriver.chrome.driver as C:\Users\ELCOT\.m2\repository\webdriver\chromedriver\win32\84.0.4147.30\chromedriver.exe
]]></system-out>
    <system-err><![CDATA[Starting ChromeDriver 84.0.4147.30 (48b3e868b4cc0aa7e8149519690b6f6949e110a8-refs/branch-heads/4147@{#310}) on port 28182
Only local connections are allowed.
Please see https://chromedriver.chromium.org/security-considerations for suggestions on keeping ChromeDriver safe.
ChromeDriver was started successfully.
Jul 17, 2020 1:38:48 AM org.openqa.selenium.remote.ProtocolHandshake createSession
INFO: Detected dialect: W3C
]]></system-err>
  </testcase>
</testsuite>