<?xml version="1.0" encoding="UTF-8"?>
<testng-results ignored="0" total="1" passed="1" failed="0" skipped="0">
  <reporter-output>
  </reporter-output>
  <suite started-at="2020-07-16T00:45:37 GMT-08:00" name="Suite" finished-at="2020-07-16T00:45:59 GMT-08:00" duration-ms="22227">
    <groups>
    </groups>
    <test started-at="2020-07-16T00:45:37 GMT-08:00" name="Test" finished-at="2020-07-16T00:45:59 GMT-08:00" duration-ms="22227">
      <class name="com.ibm.banking.basics.FbLogin">
        <test-method is-config="true" signature="ChromesetUp()[pri:0, instance:com.ibm.banking.basics.FbLogin@3514a4c0]" started-at="2020-07-16T00:45:37 GMT-08:00" name="ChromesetUp" finished-at="2020-07-16T00:45:57 GMT-08:00" duration-ms="19670" status="PASS">
          <reporter-output>
          </reporter-output>
        </test-method> <!-- ChromesetUp -->
        <test-method signature="verifyUrl()[pri:0, instance:com.ibm.banking.basics.FbLogin@3514a4c0]" started-at="2020-07-16T00:45:57 GMT-08:00" name="verifyUrl" finished-at="2020-07-16T00:45:57 GMT-08:00" duration-ms="41" status="PASS">
          <reporter-output>
          </reporter-output>
        </test-method> <!-- verifyUrl -->
        <test-method is-config="true" signature="tearDown()[pri:0, instance:com.ibm.banking.basics.FbLogin@3514a4c0]" started-at="2020-07-16T00:45:57 GMT-08:00" name="tearDown" finished-at="2020-07-16T00:45:59 GMT-08:00" duration-ms="2430" status="PASS">
          <reporter-output>
          </reporter-output>
        </test-method> <!-- tearDown -->
      </class> <!-- com.ibm.banking.basics.FbLogin -->
    </test> <!-- Test -->
  </suite> <!-- Suite -->
</testng-results>
